<?xml version="1.0" encoding="UTF-8"?>
<testng-results skipped="0" failed="0" total="1" passed="1">
  <reporter-output>
  </reporter-output>
  <suite name="Default suite" duration-ms="24285" started-at="2020-06-23T12:53:11Z" finished-at="2020-06-23T12:53:35Z">
    <groups>
    </groups>
    <test name="Default test" duration-ms="24285" started-at="2020-06-23T12:53:11Z" finished-at="2020-06-23T12:53:35Z">
      <class name="FashionWebSite.FashionWebsite">
        <test-method status="PASS" signature="fashion()[pri:0, instance:FashionWebSite.FashionWebsite@6eebc39e]" name="fashion" duration-ms="24254" started-at="2020-06-23T18:23:11Z" finished-at="2020-06-23T18:23:35Z">
          <reporter-output>
          </reporter-output>
        </test-method> <!-- fashion -->
      </class> <!-- FashionWebSite.FashionWebsite -->
    </test> <!-- Default test -->
  </suite> <!-- Default suite -->
</testng-results>
